2025.01.06 19:31:13,775	INFO	1	org.l2jmobius.commons.util.IXmlReader	Network Config: ipconfig.xml doesn't exist using automatic configuration...
2025.01.06 19:31:14,008	INFO	1	org.l2jmobius.commons.util.IXmlReader	Network Config: Adding new subnet: 127.0.0.0/8 address: 127.0.0.1
2025.01.06 19:31:14,011	INFO	1	org.l2jmobius.commons.util.IXmlReader	Network Config: Adding new subnet: 192.168.1.0/24 address: 192.168.1.55
2025.01.06 19:31:14,012	INFO	1	org.l2jmobius.commons.util.IXmlReader	Network Config: Adding new subnet: 0.0.0.0/0 address: 79.184.244.201
2025.01.06 19:31:14,069	INFO	1	org.l2jmobius.Config	Loaded 6 Filter Words.
2025.01.06 19:31:14,101	INFO	1	org.l2jmobius.gameserver.GameServer	------------------------------------------------=[ Database ]
2025.01.06 19:31:14,359	INFO	1	org.l2jmobius.commons.database.DatabaseFactory	Database: HikariCP pool initialized successfully.
2025.01.06 19:31:14,540	INFO	1	org.l2jmobius.commons.database.DatabaseFactory	Database: Initialized with a valid connection.
2025.01.06 19:31:14,548	INFO	1	org.l2jmobius.gameserver.GameServer	----------------------------------------------=[ ThreadPool ]
2025.01.06 19:31:14,550	INFO	1	org.l2jmobius.commons.threads.ThreadPool	ThreadPool: Initialized
2025.01.06 19:31:14,550	INFO	1	org.l2jmobius.commons.threads.ThreadPool	...scheduled pool executor with 4 high priority threads.
2025.01.06 19:31:14,553	INFO	1	org.l2jmobius.commons.threads.ThreadPool	...scheduled pool executor with 16 total threads.
2025.01.06 19:31:14,553	INFO	1	org.l2jmobius.commons.threads.ThreadPool	...instant pool executor with 8 total threads.
2025.01.06 19:31:14,555	INFO	1	org.l2jmobius.gameserver.GameServer	-----------------------------------------------=[ IdManager ]
2025.01.06 19:31:14,564	INFO	1	org.l2jmobius.gameserver.instancemanager.IdManager	Updated characters online status.
2025.01.06 19:31:14,624	INFO	1	org.l2jmobius.gameserver.instancemanager.IdManager	IdManager: Cleaned 0 elements from database in 0 seconds.
2025.01.06 19:31:14,632	INFO	1	org.l2jmobius.gameserver.instancemanager.IdManager	IdManager: Cleaned 0 expired timestamps from database.
2025.01.06 19:31:14,646	INFO	1	org.l2jmobius.gameserver.instancemanager.IdManager	IdManager: 102912 id's available.
2025.01.06 19:31:14,646	INFO	1	org.l2jmobius.gameserver.GameServer	----------------------------------------=[ Scripting Engine ]
2025.01.06 19:31:14,876	INFO	1	org.l2jmobius.gameserver.scripting.ScriptEngineManager	Loaded 784 files to exclude.
2025.01.06 19:31:14,876	INFO	1	org.l2jmobius.gameserver.GameServer	---------------------------------------------------=[ World ]
2025.01.06 19:31:15,042	INFO	1	org.l2jmobius.gameserver.instancemanager.MapRegionManager	MapRegionManager: Loaded 59 map regions.
2025.01.06 19:31:15,050	INFO	1	org.l2jmobius.gameserver.instancemanager.ZoneManager	ZoneManager 19 by 18 Zone Region Grid set up.
2025.01.06 19:31:15,442	INFO	1	org.l2jmobius.gameserver.instancemanager.ZoneManager	ZoneManager: Loaded 32 zone classes and 2851 zones.
2025.01.06 19:31:15,446	INFO	1	org.l2jmobius.gameserver.instancemanager.ZoneManager	ZoneManager: Last static id 200224.
2025.01.06 19:31:15,739	INFO	1	org.l2jmobius.gameserver.data.xml.DoorData	DoorData: Loaded 1448 doors.
2025.01.06 19:31:15,746	INFO	1	FenceData	FenceData: Loaded 1 fences.
2025.01.06 19:31:15,756	INFO	1	org.l2jmobius.gameserver.instancemanager.GlobalVariablesManager	GlobalVariablesManager: Loaded 11 variables.
2025.01.06 19:31:15,756	INFO	1	org.l2jmobius.gameserver.GameServer	----------------------------------------------------=[ Data ]
2025.01.06 19:31:15,767	INFO	1	org.l2jmobius.gameserver.data.xml.ActionData	ActionData: Loaded 246 player actions.
2025.01.06 19:31:15,812	INFO	1	org.l2jmobius.gameserver.data.xml.CategoryData	CategoryData: Loaded 215 categories.
2025.01.06 19:31:15,817	INFO	1	org.l2jmobius.gameserver.data.xml.DynamicExpRateData	DynamicExpRateData: Loaded dynamic rates for 16 levels.
2025.01.06 19:31:15,823	INFO	1	org.l2jmobius.gameserver.data.xml.SecondaryAuthData	SecondaryAuthData: Loaded 328 forbidden passwords.
2025.01.06 19:31:15,828	INFO	1	org.l2jmobius.gameserver.data.xml.AbilityPointsData	AbilityPointsData: Loaded 4 range fees.
2025.01.06 19:31:15,853	WARNING	1	org.l2jmobius.gameserver.data.xml.ItemData	Dir D:\Ertheia\game\data\stats\items\custom does not exist.
2025.01.06 19:31:17,504	INFO	1	org.l2jmobius.gameserver.data.xml.ItemData	ItemData: Highest item id used: 45577
2025.01.06 19:31:17,511	INFO	1	org.l2jmobius.gameserver.data.xml.ItemData	ItemData: Loaded 19123 Etc Items
2025.01.06 19:31:17,512	INFO	1	org.l2jmobius.gameserver.data.xml.ItemData	ItemData: Loaded 8921 Armor Items
2025.01.06 19:31:17,512	INFO	1	org.l2jmobius.gameserver.data.xml.ItemData	ItemData: Loaded 8328 Weapon Items
2025.01.06 19:31:17,514	INFO	1	org.l2jmobius.gameserver.data.xml.ItemData	ItemData: Loaded 36372 Items in total.
2025.01.06 19:31:17,522	INFO	1	org.l2jmobius.gameserver.data.xml.CombinationItemsData	CombinationItemsData: Loaded 620 combinations.
2025.01.06 19:31:17,535	INFO	1	org.l2jmobius.gameserver.data.xml.SayuneData	SayuneData: Loaded 67 maps.
2025.01.06 19:31:17,552	INFO	1	org.l2jmobius.gameserver.data.xml.ClanRewardData	ClanRewardData: Loaded 4 rewards for members online.
2025.01.06 19:31:17,552	INFO	1	org.l2jmobius.gameserver.data.xml.ClanRewardData	ClanRewardData: Loaded 4 rewards for hunting monsters.
2025.01.06 19:31:17,552	INFO	1	org.l2jmobius.gameserver.GameServer	--------------------------------------------------=[ Skills ]
2025.01.06 19:31:21,403	INFO	1	handlers.EffectMasterHandler	EffectMasterHandler: Loaded 368 effect handlers.
2025.01.06 19:31:21,423	INFO	1	org.l2jmobius.gameserver.data.xml.EnchantSkillGroupsData	EnchantSkillGroupsData: Loaded 10 enchant routes, max enchant set to 10.
2025.01.06 19:31:24,695	INFO	1	org.l2jmobius.gameserver.data.xml.SkillData	SkillData: Loaded 122381 Skills.
2025.01.06 19:31:25,235	INFO	1	org.l2jmobius.gameserver.data.xml.SkillTreeData	SkillTreeData: Loaded 23198 Class skills for 145 class skill trees.
2025.01.06 19:31:25,236	INFO	1	org.l2jmobius.gameserver.data.xml.SkillTreeData	SkillTreeData: Loaded 24 sub-class skills.
2025.01.06 19:31:25,236	INFO	1	org.l2jmobius.gameserver.data.xml.SkillTreeData	SkillTreeData: Loaded 38 dual-class skills.
2025.01.06 19:31:25,236	INFO	1	org.l2jmobius.gameserver.data.xml.SkillTreeData	SkillTreeData: Loaded 104 transfer skills for 3 transfer skill trees.
2025.01.06 19:31:25,237	INFO	1	org.l2jmobius.gameserver.data.xml.SkillTreeData	SkillTreeData: Loaded 17 race skills for 7 race skill trees.
2025.01.06 19:31:25,237	INFO	1	org.l2jmobius.gameserver.data.xml.SkillTreeData	SkillTreeData: Loaded 35 fishing skills, 8 Dwarven only fishing skills.
2025.01.06 19:31:25,237	INFO	1	org.l2jmobius.gameserver.data.xml.SkillTreeData	SkillTreeData: Loaded 3 collect skills.
2025.01.06 19:31:25,245	INFO	1	org.l2jmobius.gameserver.data.xml.SkillTreeData	SkillTreeData: Loaded 171 clan skills, 141 for clan and 30 residential.
2025.01.06 19:31:25,246	INFO	1	org.l2jmobius.gameserver.data.xml.SkillTreeData	SkillTreeData: Loaded 18 sub-pledge skills.
2025.01.06 19:31:25,246	INFO	1	org.l2jmobius.gameserver.data.xml.SkillTreeData	SkillTreeData: Loaded 32 transform skills.
2025.01.06 19:31:25,246	INFO	1	org.l2jmobius.gameserver.data.xml.SkillTreeData	SkillTreeData: Loaded 8 noble skills.
2025.01.06 19:31:25,246	INFO	1	org.l2jmobius.gameserver.data.xml.SkillTreeData	SkillTreeData: Loaded 5 hero skills.
2025.01.06 19:31:25,247	INFO	1	org.l2jmobius.gameserver.data.xml.SkillTreeData	SkillTreeData: Loaded 61 game master skills.
2025.01.06 19:31:25,247	INFO	1	org.l2jmobius.gameserver.data.xml.SkillTreeData	SkillTreeData: Loaded 61 game master aura skills.
2025.01.06 19:31:25,247	INFO	1	org.l2jmobius.gameserver.data.xml.SkillTreeData	SkillTreeData: Loaded 101 ability skills.
2025.01.06 19:31:25,248	INFO	1	org.l2jmobius.gameserver.data.xml.SkillTreeData	SkillTreeData: Loaded 104 alchemy skills.
2025.01.06 19:31:25,248	INFO	1	org.l2jmobius.gameserver.data.xml.SkillTreeData	SkillTreeData: Loaded 36 class awaken save skills.
2025.01.06 19:31:25,248	INFO	1	org.l2jmobius.gameserver.data.xml.SkillTreeData	SkillTreeData: Loaded 20 Revelation skills.
2025.01.06 19:31:25,248	INFO	1	org.l2jmobius.gameserver.data.xml.SkillTreeData	SkillTreeData: Loaded 27 common skills.
2025.01.06 19:31:25,265	INFO	1	org.l2jmobius.gameserver.data.xml.PetSkillData	PetSkillData: Loaded 1046 skills.
2025.01.06 19:31:25,265	INFO	1	org.l2jmobius.gameserver.GameServer	---------------------------------------------------=[ Items ]
2025.01.06 19:31:25,335	INFO	1	org.l2jmobius.gameserver.data.xml.EnchantItemGroupsData	EnchantItemGroupsData: Loaded 4 item group templates.
2025.01.06 19:31:25,335	INFO	1	org.l2jmobius.gameserver.data.xml.EnchantItemGroupsData	EnchantItemGroupsData: Loaded 1 scroll group templates.
2025.01.06 19:31:25,362	INFO	1	org.l2jmobius.gameserver.data.xml.EnchantItemData	EnchantItemData: Loaded 243 enchant scrolls.
2025.01.06 19:31:25,362	INFO	1	org.l2jmobius.gameserver.data.xml.EnchantItemData	EnchantItemData: Loaded 97 support items.
2025.01.06 19:31:26,242	INFO	1	org.l2jmobius.gameserver.data.xml.OptionData	OptionData: Loaded 30408 options.
2025.01.06 19:31:26,254	INFO	1	org.l2jmobius.gameserver.data.xml.EnchantItemOptionsData	EnchantItemOptionsData: Loaded 33 items and 1217 options.
2025.01.06 19:31:26,261	INFO	1	org.l2jmobius.commons.util.IXmlReader	ElementalAttributeData: Loaded 138 elemental attribute items.
2025.01.06 19:31:26,277	INFO	1	org.l2jmobius.gameserver.data.xml.ItemCrystallizationData	ItemCrystallizationData: Loaded 12 crystallization templates.
2025.01.06 19:31:26,278	INFO	1	org.l2jmobius.gameserver.data.xml.ItemCrystallizationData	ItemCrystallizationData: Loaded 279 pre-defined crystallizable items.
2025.01.06 19:31:26,293	INFO	1	org.l2jmobius.gameserver.data.xml.ItemCrystallizationData	ItemCrystallizationData: Generated 5205 crystallizable items from templates.
2025.01.06 19:31:26,356	INFO	1	VariationData	VariationData: Loaded 106 variations.
2025.01.06 19:31:26,357	INFO	1	VariationData	VariationData: Loaded 4660 fees.
2025.01.06 19:31:26,368	INFO	1	org.l2jmobius.gameserver.data.xml.EnchantItemHPBonusData	EnchantItemHPBonusData: Loaded 11 enchant HP bonuses.
2025.01.06 19:31:27,547	INFO	1	org.l2jmobius.gameserver.data.xml.BuyListData	BuyListData: Loaded 879 buyLists.
2025.01.06 19:31:28,352	INFO	1	org.l2jmobius.gameserver.data.xml.MultisellData	MultisellData: Loaded 369 multisell lists.
2025.01.06 19:31:28,426	INFO	1	org.l2jmobius.gameserver.data.xml.RecipeData	RecipeData: Loaded 1601 recipes.
2025.01.06 19:31:28,460	INFO	1	org.l2jmobius.gameserver.data.xml.ArmorSetData	ArmorSetData: Loaded 282 armor sets.
2025.01.06 19:31:28,468	INFO	1	org.l2jmobius.gameserver.data.xml.FishingData	FishingData: Loaded 2 bait and 2 rod data.
2025.01.06 19:31:28,517	INFO	1	org.l2jmobius.gameserver.data.xml.HennaData	HennaData: Loaded 460 henna data.
2025.01.06 19:31:28,530	INFO	1	org.l2jmobius.gameserver.data.xml.PrimeShopData	PrimeShopData: Loaded 179 items.
2025.01.06 19:31:28,555	INFO	1	org.l2jmobius.gameserver.data.xml.AppearanceItemData	AppearanceItemData: Loaded 1025 stones.
2025.01.06 19:31:28,571	INFO	1	org.l2jmobius.gameserver.data.xml.AlchemyData	AlchemyData: Loaded 118 alchemy craft skills.
2025.01.06 19:31:28,589	INFO	1	org.l2jmobius.commons.util.IXmlReader	LuckyGameData: Loaded 2 lucky game data.
2025.01.06 19:31:28,589	INFO	1	org.l2jmobius.gameserver.GameServer	----------------------------------------------=[ Characters ]
2025.01.06 19:31:28,595	INFO	1	org.l2jmobius.gameserver.data.xml.ClassListData	ClassListData: Loaded 153 class data.
2025.01.06 19:31:28,599	INFO	1	org.l2jmobius.gameserver.data.xml.InitialEquipmentData	InitialEquipmentData: Loaded 13 initial equipment data.
2025.01.06 19:31:28,605	INFO	1	org.l2jmobius.gameserver.data.xml.InitialShortcutData	InitialShortcutData: Loaded 5 initial global shortcuts data.
2025.01.06 19:31:28,606	INFO	1	org.l2jmobius.gameserver.data.xml.InitialShortcutData	InitialShortcutData: Loaded 5 initial shortcuts data.
2025.01.06 19:31:28,606	INFO	1	org.l2jmobius.gameserver.data.xml.InitialShortcutData	InitialShortcutData: Loaded 0 macro presets.
2025.01.06 19:31:28,613	INFO	1	org.l2jmobius.gameserver.data.xml.ExperienceData	ExperienceData: Loaded 100 levels.
2025.01.06 19:31:28,613	INFO	1	org.l2jmobius.gameserver.data.xml.ExperienceData	ExperienceData: Max Player Level is 99.
2025.01.06 19:31:28,614	INFO	1	org.l2jmobius.gameserver.data.xml.ExperienceData	ExperienceData: Max Pet Level is 99.
2025.01.06 19:31:28,624	INFO	1	org.l2jmobius.gameserver.data.xml.KarmaData	KarmaData: Loaded 99 karma modifiers.
2025.01.06 19:31:28,628	INFO	1	org.l2jmobius.gameserver.data.xml.HitConditionBonusData	HitConditionBonusData: Loaded hit condition bonuses.
2025.01.06 19:31:29,105	INFO	1	org.l2jmobius.gameserver.data.xml.PlayerTemplateData	PlayerTemplateData: Loaded 145 character templates.
2025.01.06 19:31:29,105	INFO	1	org.l2jmobius.gameserver.data.xml.PlayerTemplateData	PlayerTemplateData: Loaded 86130 level up gain records.
2025.01.06 19:31:29,112	INFO	1	org.l2jmobius.gameserver.data.sql.CharInfoTable	CharInfoTable: Loaded 2 char names.
2025.01.06 19:31:29,116	INFO	1	org.l2jmobius.gameserver.data.xml.AdminData	AdminData: Loaded 10 access levels.
2025.01.06 19:31:29,120	INFO	1	org.l2jmobius.gameserver.data.xml.AdminData	AdminData: Loaded 463 access commands.
2025.01.06 19:31:29,546	INFO	1	org.l2jmobius.gameserver.data.xml.PetDataTable	PetDataTable: Loaded 56 pets.
2025.01.06 19:31:29,603	INFO	1	org.l2jmobius.gameserver.data.xml.CubicData	CubicData: Loaded 21 cubics.
2025.01.06 19:31:29,623	INFO	1	org.l2jmobius.gameserver.GameServer	---------------------------------------------------=[ Clans ]
2025.01.06 19:31:29,638	INFO	1	org.l2jmobius.gameserver.communitybbs.Manager.ForumsBBSManager	ForumsBBSManager: Loaded 4 forums. Last forum id used: 4
2025.01.06 19:31:29,639	INFO	1	org.l2jmobius.gameserver.data.sql.ClanTable	ClanTable: Restored 0 clans from the database.
2025.01.06 19:31:29,648	INFO	1	org.l2jmobius.gameserver.data.xml.ResidenceFunctionsData	ResidenceFunctionsData: Loaded 8 functions.
2025.01.06 19:31:29,825	INFO	1	org.l2jmobius.gameserver.data.xml.ClanHallData	ClanHallData: Succesfully loaded 57 clan halls.
2025.01.06 19:31:29,827	INFO	1	org.l2jmobius.gameserver.instancemanager.ClanHallAuctionManager	ClanHallAuctionManager: Clan Hall Auction has started!
2025.01.06 19:31:29,859	INFO	1	org.l2jmobius.gameserver.instancemanager.ClanEntryManager	ClanEntryManager: Loaded 0 clan entries.
2025.01.06 19:31:29,862	INFO	1	org.l2jmobius.gameserver.instancemanager.ClanEntryManager	ClanEntryManager: Loaded 0 players in waiting list.
2025.01.06 19:31:29,866	INFO	1	org.l2jmobius.gameserver.instancemanager.ClanEntryManager	ClanEntryManager: Loaded 0 player applications.
2025.01.06 19:31:29,866	INFO	1	org.l2jmobius.gameserver.GameServer	-------------------------------------------------=[ Geodata ]
2025.01.06 19:31:29,885	INFO	1	org.l2jmobius.gameserver.geoengine.GeoEngine	GeoEngine: Loaded 0 regions.
2025.01.06 19:31:29,885	INFO	1	org.l2jmobius.gameserver.geoengine.GeoEngine	GeoEngine: Pathfinding is disabled.
2025.01.06 19:31:29,886	INFO	1	org.l2jmobius.gameserver.GameServer	----------------------------------------------------=[ NPCs ]
2025.01.06 19:31:32,720	INFO	1	org.l2jmobius.gameserver.data.xml.NpcData	NpcData: Loaded 13561 NPCs.
2025.01.06 19:31:32,756	INFO	1	org.l2jmobius.gameserver.data.xml.NpcData	NpcData: Loaded 27 custom NPCs.
2025.01.06 19:31:32,782	INFO	1	org.l2jmobius.gameserver.data.xml.LevelUpCrystalData	Soul crystal data : Loaded 54
2025.01.06 19:31:32,783	INFO	1	org.l2jmobius.gameserver.data.xml.LevelUpCrystalData	Npc leveling crystal data : Loaded 230
2025.01.06 19:31:32,817	INFO	1	org.l2jmobius.gameserver.data.xml.FakePlayerData	FakePlayerData: Loaded 10 templates.
2025.01.06 19:31:32,824	INFO	1	org.l2jmobius.gameserver.instancemanager.FakePlayerChatManager	FakePlayerChatManager: Loaded 19 chat templates.
2025.01.06 19:31:34,237	INFO	1	org.l2jmobius.gameserver.data.xml.SpawnData	SpawnData: Loaded 42595 spawns
2025.01.06 19:31:34,289	INFO	1	org.l2jmobius.gameserver.instancemanager.WalkingManager	WalkingManager: Loaded 194 walking routes.
2025.01.06 19:31:34,313	INFO	1	org.l2jmobius.gameserver.data.xml.StaticObjectData	StaticObjectData: Loaded 51 static object templates.
2025.01.06 19:31:34,360	INFO	1	org.l2jmobius.gameserver.model.itemauction.ItemAuctionInstance	ItemAuctionInstance: Loaded 23 item(s) and registered 1 auction(s) for instance 32320
2025.01.06 19:31:34,365	INFO	1	org.l2jmobius.gameserver.model.itemauction.ItemAuctionInstance	ItemAuctionInstance: Schedule next auction 1 on 17:00:00 10.01.25 for instance 32320
2025.01.06 19:31:34,382	INFO	1	org.l2jmobius.gameserver.model.itemauction.ItemAuctionInstance	ItemAuctionInstance: Loaded 23 item(s) and registered 2 auction(s) for instance 32321
2025.01.06 19:31:34,384	INFO	1	org.l2jmobius.gameserver.model.itemauction.ItemAuctionInstance	ItemAuctionInstance: Schedule current auction 2 for instance 32321
2025.01.06 19:31:34,399	INFO	1	org.l2jmobius.gameserver.model.itemauction.ItemAuctionInstance	ItemAuctionInstance: Loaded 23 item(s) and registered 1 auction(s) for instance 32322
2025.01.06 19:31:34,399	INFO	1	org.l2jmobius.gameserver.model.itemauction.ItemAuctionInstance	ItemAuctionInstance: Schedule next auction 3 on 17:00:00 08.01.25 for instance 32322
2025.01.06 19:31:34,399	INFO	1	org.l2jmobius.gameserver.instancemanager.ItemAuctionManager	ItemAuctionManager: Loaded 3 instances.
2025.01.06 19:31:34,505	INFO	1	org.l2jmobius.gameserver.instancemanager.CastleManager	CastleManager: Loaded 9 castles.
2025.01.06 19:31:34,519	INFO	1	org.l2jmobius.gameserver.instancemanager.GrandBossManager	GrandBossManager: Lilith(25283) status is 0
2025.01.06 19:31:34,520	INFO	1	org.l2jmobius.gameserver.instancemanager.GrandBossManager	GrandBossManager: Anakim(25286) status is 0
2025.01.06 19:31:34,520	INFO	1	org.l2jmobius.gameserver.instancemanager.GrandBossManager	GrandBossManager: Queen Ant(29001) status is 0
2025.01.06 19:31:34,520	INFO	1	org.l2jmobius.gameserver.instancemanager.GrandBossManager	GrandBossManager: Core(29006) status is 0
2025.01.06 19:31:34,521	INFO	1	org.l2jmobius.gameserver.instancemanager.GrandBossManager	GrandBossManager: Orfen(29014) status is 0
2025.01.06 19:31:34,521	INFO	1	org.l2jmobius.gameserver.instancemanager.GrandBossManager	GrandBossManager: Baium(29020) status is 0
2025.01.06 19:31:34,521	INFO	1	org.l2jmobius.gameserver.instancemanager.GrandBossManager	GrandBossManager: Valakas(29028) status is 0
2025.01.06 19:31:34,522	INFO	1	org.l2jmobius.gameserver.instancemanager.GrandBossManager	GrandBossManager: Antharas(29068) status is 0
2025.01.06 19:31:34,522	INFO	1	org.l2jmobius.gameserver.instancemanager.GrandBossManager	GrandBossManager: Beleth(29118) status is 0
2025.01.06 19:31:34,522	INFO	1	org.l2jmobius.gameserver.instancemanager.GrandBossManager	GrandBossManager: Earth Wyrm Trasken(29197) status is 0
2025.01.06 19:31:34,522	INFO	1	org.l2jmobius.gameserver.instancemanager.GrandBossManager	GrandBossManager: Lindvior(29240) status is 0
2025.01.06 19:31:34,522	INFO	1	org.l2jmobius.gameserver.instancemanager.GrandBossManager	GrandBossManager: Loaded 11 instances.
2025.01.06 19:31:34,524	INFO	1	org.l2jmobius.gameserver.GameServer	------------------------------------------------=[ Instance ]
2025.01.06 19:31:34,535	INFO	1	org.l2jmobius.gameserver.instancemanager.InstanceManager	InstanceManager: Loaded 258 instance names.
2025.01.06 19:31:35,205	INFO	1	org.l2jmobius.gameserver.instancemanager.InstanceManager	InstanceManager: Loaded 156 instance templates.
2025.01.06 19:31:35,220	INFO	1	org.l2jmobius.gameserver.instancemanager.InstanceManager	InstanceManager: Loaded instance reenter times for 0 players.
2025.01.06 19:31:35,220	INFO	1	org.l2jmobius.gameserver.GameServer	------------------------------------------------=[ Olympiad ]
2025.01.06 19:31:35,232	INFO	1	org.l2jmobius.gameserver.model.olympiad.Olympiad	Olympiad System: Loading....
2025.01.06 19:31:35,232	INFO	1	org.l2jmobius.gameserver.model.olympiad.Olympiad	Olympiad System: Currently in Olympiad Period
2025.01.06 19:31:35,238	INFO	1	org.l2jmobius.gameserver.model.olympiad.Olympiad	Olympiad System: 25 days, 16 hours and 28 mins until period ends.
2025.01.06 19:31:35,238	INFO	1	org.l2jmobius.gameserver.model.olympiad.Olympiad	Olympiad System: Next weekly change is in 5 days, 3 hours and 16 mins.
2025.01.06 19:31:35,239	INFO	1	org.l2jmobius.gameserver.model.olympiad.Olympiad	Olympiad System: Loaded 0 Nobles
2025.01.06 19:31:35,265	INFO	1	org.l2jmobius.gameserver.model.olympiad.Olympiad	Olympiad System: Competition Period Starts in 0 days, 0 hours and 0 mins.
2025.01.06 19:31:35,962	INFO	1	org.l2jmobius.gameserver.model.olympiad.Olympiad	Olympiad System: Event starts/started: Mon Jan 06 18:00:35 CET 2025
2025.01.06 19:31:35,974	INFO	1	org.l2jmobius.gameserver.model.olympiad.Hero	Hero System: Loaded 0 Heroes.
2025.01.06 19:31:35,975	INFO	1	org.l2jmobius.gameserver.model.olympiad.Hero	Hero System: Loaded 0 all time Heroes.
2025.01.06 19:31:35,975	INFO	1	org.l2jmobius.gameserver.GameServer	---------------------------------------------------=[ Cache ]
2025.01.06 19:31:35,978	INFO	1	org.l2jmobius.gameserver.cache.HtmCache	Cache[HTML]: Running lazy cache.
2025.01.06 19:31:35,981	INFO	54	org.l2jmobius.gameserver.model.olympiad.Olympiad	Olympiad System: Olympiad Games have started.
2025.01.06 19:31:35,997	INFO	1	org.l2jmobius.gameserver.data.sql.CrestTable	CrestTable: Loaded 0 Crests.
2025.01.06 19:31:38,881	INFO	54	org.l2jmobius.gameserver.instancemanager.DBSpawnManager	DBSpawnManager: Loaded 223 instances.
2025.01.06 19:31:38,881	INFO	54	org.l2jmobius.gameserver.instancemanager.DBSpawnManager	DBSpawnManager: Scheduled 0 instances.
2025.01.06 19:31:38,998	INFO	54	org.l2jmobius.gameserver.model.olympiad.OlympiadGameManager	Olympiad System: Loaded 80 stadiums.
2025.01.06 19:31:40,766	INFO	1	org.l2jmobius.gameserver.data.xml.TeleporterData	TeleporterData: Loaded 171 npc teleporters.
2025.01.06 19:31:40,781	INFO	1	org.l2jmobius.gameserver.instancemanager.CursedWeaponsManager	CursedWeaponsManager: Loaded 2 cursed weapons.
2025.01.06 19:31:41,573	INFO	1	org.l2jmobius.gameserver.data.xml.TransformData	TransformData: Loaded 166 transform templates.
2025.01.06 19:31:41,597	INFO	1	org.l2jmobius.gameserver.data.BotReportTable	BotReportTable: Loaded 0 bot reports
2025.01.06 19:31:41,597	INFO	1	org.l2jmobius.gameserver.GameServer	-------------------------------------------------=[ Scripts ]
2025.01.06 19:31:41,611	INFO	1	org.l2jmobius.gameserver.instancemanager.AirShipManager	AirShipManager: Loaded 0 private airships
2025.01.06 19:31:41,626	INFO	1	org.l2jmobius.gameserver.data.xml.ShuttleData	ShuttleData: Loaded 3 shuttles.
2025.01.06 19:31:41,628	INFO	1	org.l2jmobius.gameserver.GameServer	GameServer: Loading server scripts:
2025.01.06 19:31:44,233	INFO	1	handlers.MasterHandler	Loading Handlers...
2025.01.06 19:31:44,331	INFO	1	handlers.MasterHandler	ActionHandler: Loaded 10 handlers.
2025.01.06 19:31:44,331	INFO	1	handlers.MasterHandler	ActionShiftHandler: Loaded 6 handlers.
2025.01.06 19:31:44,331	INFO	1	handlers.MasterHandler	AdminCommandHandler: Loaded 455 handlers.
2025.01.06 19:31:44,331	INFO	1	handlers.MasterHandler	BypassHandler: Loaded 27 handlers.
2025.01.06 19:31:44,331	INFO	1	handlers.MasterHandler	ChatHandler: Loaded 14 handlers.
2025.01.06 19:31:44,331	INFO	1	handlers.MasterHandler	CommunityBoardHandler: Loaded 22 handlers.
2025.01.06 19:31:44,331	INFO	1	handlers.MasterHandler	ItemHandler: Loaded 31 handlers.
2025.01.06 19:31:44,331	INFO	1	handlers.MasterHandler	PunishmentHandler: Loaded 3 handlers.
2025.01.06 19:31:44,331	INFO	1	handlers.MasterHandler	UserCommandHandler: Loaded 16 handlers.
2025.01.06 19:31:44,332	INFO	1	handlers.MasterHandler	VoicedCommandHandler: Loaded 15 handlers.
2025.01.06 19:31:44,332	INFO	1	handlers.MasterHandler	TargetHandler: Loaded 21 handlers.
2025.01.06 19:31:44,332	INFO	1	handlers.MasterHandler	AffectObjectHandler: Loaded 11 handlers.
2025.01.06 19:31:44,332	INFO	1	handlers.MasterHandler	AffectScopeHandler: Loaded 19 handlers.
2025.01.06 19:31:44,332	INFO	1	handlers.MasterHandler	PlayerActionHandler: Loaded 24 handlers.
2025.01.06 19:31:44,332	INFO	1	handlers.MasterHandler	Handlers Loaded...
2025.01.06 19:31:50,780	INFO	1	ai.areas.FantasyIsle.HandysBlockCheckerEvent	Handy's Block Checker Event is enabled
2025.01.06 19:31:50,790	INFO	1	ai.areas.FantasyIsle.Parade	Fantasy Isle: Parade starting at 2025/01/06 21:20 and is scheduled each next 1 hours.
2025.01.06 19:31:50,801	INFO	1	ai.areas.FantasyIsle.TalentShow	Fantasy Isle: MC show script starting at 07/01/2025 18:50:50 and is scheduled each next 4 hours.
2025.01.06 19:31:50,865	INFO	1	ai.areas.ImperialTomb.FourSepulchers.FourSepulchers	[Four Sepulchers] Loaded 762 spawn zones data.
2025.01.06 19:31:51,083	INFO	1	org.l2jmobius.gameserver.instancemanager.GrandBossManager	GrandBossManager: Updated Lindvior(29240) status to 0.
2025.01.06 19:31:51,130	INFO	1	ai.bosses.Tiat.Stage1	[Seed of Destruction] Loaded 51 spawn zones data.
2025.01.06 19:31:51,172	INFO	1	ai.others.ClassMaster.ClassMaster	ClassMaster: Loaded 0 class change options.
2025.01.06 19:31:51,221	INFO	1	ai.others.MentorGuide.MentorGuide	MentorGuide: Loaded 41 mentee coins
2025.01.06 19:31:51,237	INFO	1	ai.others.NpcBuffers.NpcBuffersData	NpcBuffersData: Loaded 6 buffers data.
2025.01.06 19:31:51,340	INFO	1	org.l2jmobius.gameserver.model.quest.Quest	Event Birth of Draco has passed... Ignored 
2025.01.06 19:31:51,367	INFO	1	org.l2jmobius.gameserver.model.quest.Quest	Event Eve the Fortune Teller has passed... Ignored 
2025.01.06 19:31:51,391	INFO	1	org.l2jmobius.gameserver.model.quest.Quest	Event Freya Celebration has passed... Ignored 
2025.01.06 19:31:51,402	INFO	1	org.l2jmobius.gameserver.model.quest.Quest	Event Gift of Vitality has passed... Ignored 
2025.01.06 19:31:51,408	INFO	1	org.l2jmobius.gameserver.model.quest.Quest	Event Halloween has passed... Ignored 
2025.01.06 19:31:51,414	INFO	1	org.l2jmobius.gameserver.model.quest.Quest	Event Heavy Medal has passed... Ignored 
2025.01.06 19:31:51,419	INFO	1	org.l2jmobius.gameserver.model.quest.Quest	Event Hungry Horse has passed... Ignored 
2025.01.06 19:31:51,427	INFO	1	org.l2jmobius.gameserver.model.quest.Quest	Event Hunt for Santa has passed... Ignored 
2025.01.06 19:31:51,431	INFO	1	org.l2jmobius.gameserver.model.quest.Quest	Event Letter Collector has passed... Ignored 
2025.01.06 19:31:51,439	INFO	1	org.l2jmobius.gameserver.model.quest.Quest	Event Lovers Jubilee has passed... Ignored 
2025.01.06 19:31:51,447	INFO	1	org.l2jmobius.gameserver.model.quest.Quest	Event Love Your Gatekeeper has passed... Ignored 
2025.01.06 19:31:51,453	INFO	1	org.l2jmobius.gameserver.model.quest.Quest	Event Master of Enchanting has passed... Ignored 
2025.01.06 19:31:51,468	INFO	1	org.l2jmobius.gameserver.model.quest.Quest	Event Rudolphs Blessing has passed... Ignored 
2025.01.06 19:31:51,487	INFO	1	org.l2jmobius.gameserver.model.quest.Quest	Event Saving Santa has passed... Ignored 
2025.01.06 19:31:51,494	INFO	1	org.l2jmobius.gameserver.model.quest.Quest	Event The Power Of Love has passed... Ignored 
2025.01.06 19:31:52,192	INFO	1	org.l2jmobius.gameserver.data.xml.SpawnData	SpawnData: Initializing spawns...
2025.01.06 19:31:56,421	INFO	1	org.l2jmobius.gameserver.data.xml.SpawnData	SpawnData: All spawns has been initialized!
2025.01.06 19:31:56,421	INFO	1	org.l2jmobius.gameserver.GameServer	---------------------------------------------------=[ Siege ]
2025.01.06 19:31:56,437	INFO	1	org.l2jmobius.gameserver.data.xml.SiegeScheduleData	SiegeScheduleData: Loaded 9 siege schedulers.
2025.01.06 19:31:56,437	INFO	1	org.l2jmobius.gameserver.model.siege.Siege	Siege of Gludio: Sun Jan 19 16:00:00 CET 2025
2025.01.06 19:31:56,441	INFO	1	org.l2jmobius.gameserver.model.siege.Siege	Siege of Dion: Sun Jan 19 20:00:00 CET 2025
2025.01.06 19:31:56,443	INFO	1	org.l2jmobius.gameserver.model.siege.Siege	Siege of Giran: Sun Jan 19 16:00:00 CET 2025
2025.01.06 19:31:56,444	INFO	1	org.l2jmobius.gameserver.model.siege.Siege	Siege of Oren: Sun Jan 19 20:00:00 CET 2025
2025.01.06 19:31:56,445	INFO	1	org.l2jmobius.gameserver.model.siege.Siege	Siege of Aden: Sun Jan 19 16:00:00 CET 2025
2025.01.06 19:31:56,447	INFO	1	org.l2jmobius.gameserver.model.siege.Siege	Siege of Innadril: Sun Jan 19 20:00:00 CET 2025
2025.01.06 19:31:56,448	INFO	1	org.l2jmobius.gameserver.model.siege.Siege	Siege of Goddard: Sun Jan 19 16:00:00 CET 2025
2025.01.06 19:31:56,450	INFO	1	org.l2jmobius.gameserver.model.siege.Siege	Siege of Rune: Sun Jan 19 20:00:00 CET 2025
2025.01.06 19:31:56,451	INFO	1	org.l2jmobius.gameserver.model.siege.Siege	Siege of Schuttgart: Sun Jan 19 16:00:00 CET 2025
2025.01.06 19:31:56,560	INFO	1	org.l2jmobius.gameserver.instancemanager.FortManager	FortManager: Loaded 21 fortress.
2025.01.06 19:31:56,689	INFO	1	org.l2jmobius.gameserver.instancemanager.CastleManorManager	CastleManorManager: Loaded 258 seeds.
2025.01.06 19:31:56,701	INFO	1	org.l2jmobius.gameserver.instancemanager.CastleManorManager	CastleManorManager: Manor data loaded.
2025.01.06 19:31:56,715	INFO	1	org.l2jmobius.gameserver.instancemanager.SiegeGuardManager	SiegeGuardManager: Loaded 0 siege guards tickets.
2025.01.06 19:31:56,715	INFO	1	org.l2jmobius.gameserver.instancemanager.QuestManager	QuestManager: Loaded 473 quests.
2025.01.06 19:31:56,715	INFO	1	org.l2jmobius.gameserver.instancemanager.QuestManager	QuestManager: Loaded 382 scripts.
2025.01.06 19:31:56,723	INFO	1	org.l2jmobius.gameserver.instancemanager.games.KrateisCubeManager	KrateisCubeManager: Loaded 3 arena templates.
2025.01.06 19:31:56,732	INFO	1	org.l2jmobius.gameserver.instancemanager.games.UndergroundColiseumManager	UndergroundColiseumManager: Loaded 5 coliseum arenas.
2025.01.06 19:31:56,732	INFO	1	org.l2jmobius.gameserver.instancemanager.games.UndergroundColiseumManager	UndergroundColiseumManager: Starts at 10/01/2025 21:00:00
2025.01.06 19:31:56,742	INFO	1	org.l2jmobius.gameserver.taskmanager.TaskManager	TaskManager: Loaded 5 Tasks.
2025.01.06 19:31:56,744	INFO	1	org.l2jmobius.gameserver.instancemanager.DailyTaskManager	DailyTaskManager: Next schedule at 07/01 06:30.
2025.01.06 19:31:56,762	INFO	1	org.l2jmobius.gameserver.instancemanager.MailManager	MailManager: Loaded 0 messages.
2025.01.06 19:31:56,769	INFO	1	org.l2jmobius.gameserver.instancemanager.PunishmentManager	PunishmentManager: Loaded 0 active and 0 expired punishments.
2025.01.06 19:31:56,769	INFO	1	org.l2jmobius.gameserver.GameServer	IdManager: Free ObjectID's remaining: 1878995363
2025.01.06 19:31:56,772	INFO	1	org.l2jmobius.gameserver.data.sql.OfflineTraderTable	OfflineTraderTable: Loading offline traders...
2025.01.06 19:31:56,773	INFO	1	org.l2jmobius.gameserver.data.sql.OfflineTraderTable	OfflineTraderTable: Loaded 0 offline traders.
2025.01.06 19:31:59,474	INFO	1	org.l2jmobius.gameserver.GameServer	GameServer: Started, using 1244 of 4096 MB total memory.
2025.01.06 19:31:59,475	INFO	1	org.l2jmobius.gameserver.GameServer	GameServer: Maximum number of connected players is 2000.
2025.01.06 19:31:59,475	INFO	1	org.l2jmobius.gameserver.GameServer	GameServer: Server loaded in 46 seconds.
2025.01.06 19:31:59,512	INFO	73	org.l2jmobius.gameserver.LoginServerThread	LoginServerThread: Connecting to login on 127.0.0.1:9014
2025.01.06 19:31:59,676	INFO	73	org.l2jmobius.gameserver.LoginServerThread	LoginServerThread: Registered on login as Server 2: Sieghardt
2025.01.06 19:36:39,595	WARNING	90	org.l2jmobius.gameserver.model.actor.Creature	Master access level set for character admin! Just a warning to be careful ;)
2025.01.06 19:51:25,670	WARNING	30	org.l2jmobius.gameserver.Shutdown	Server scheduled restart issued shutdown command. Shutdown in 1 seconds!
2025.01.06 19:51:26,708	WARNING	117	org.l2jmobius.gameserver.Shutdown	GM shutdown countdown is over. shutting down NOW!
2025.01.06 19:51:26,711	INFO	117	org.l2jmobius.gameserver.Shutdown	All players disconnected and saved(0ms).
2025.01.06 19:51:26,712	INFO	117	org.l2jmobius.gameserver.Shutdown	Game Time Task Manager: Thread interruped(3ms).
2025.01.06 19:51:26,712	INFO	117	org.l2jmobius.commons.threads.ThreadPool	ThreadPool: Shutting down.
2025.01.06 19:51:26,713	INFO	117	org.l2jmobius.gameserver.Shutdown	Thread Pool Manager: Manager has been shut down(1ms).
2025.01.06 19:51:26,715	INFO	117	org.l2jmobius.gameserver.Shutdown	Login Server Thread: Thread interruped(2ms).
2025.01.06 19:51:26,715	INFO	117	org.l2jmobius.gameserver.Shutdown	GM shutdown received. Shutting down NOW!
2025.01.06 19:51:26,804	INFO	117	org.l2jmobius.gameserver.Shutdown	RaidBossSpawnManager: All raidboss info saved(89ms).
2025.01.06 19:51:26,832	INFO	117	org.l2jmobius.gameserver.Shutdown	GrandBossManager: All Grand Boss info saved(28ms).
2025.01.06 19:51:26,832	INFO	117	org.l2jmobius.gameserver.Shutdown	Item Auction Manager: All tasks stopped(0ms).
2025.01.06 19:51:26,853	INFO	117	org.l2jmobius.gameserver.Shutdown	Olympiad System: Data saved(21ms).
2025.01.06 19:51:26,855	INFO	117	org.l2jmobius.gameserver.Shutdown	Hero System: Data saved(2ms).
2025.01.06 19:51:26,856	INFO	117	org.l2jmobius.gameserver.Shutdown	Clan System: Data saved(0ms).
2025.01.06 19:51:26,861	INFO	117	org.l2jmobius.gameserver.Shutdown	Cursed Weapons Manager: Data saved(6ms).
2025.01.06 19:51:26,877	INFO	117	org.l2jmobius.gameserver.Shutdown	Castle Manor Manager: Data saved(16ms).
2025.01.06 19:51:26,878	INFO	117	org.l2jmobius.gameserver.Shutdown	Quest Manager: Data saved(0ms).
2025.01.06 19:51:26,953	INFO	117	org.l2jmobius.gameserver.instancemanager.GlobalVariablesManager	GlobalVariablesManager: Stored 11 variables.
2025.01.06 19:51:26,953	INFO	117	org.l2jmobius.gameserver.Shutdown	Global Variables Manager: Variables saved(76ms).
2025.01.06 19:51:26,959	INFO	117	org.l2jmobius.gameserver.Shutdown	Bot Report Table: Successfully saved reports to database!
2025.01.06 19:51:31,964	INFO	117	org.l2jmobius.commons.database.DatabaseFactory	Database: HikariCP pool closed successfully.
2025.01.06 19:51:31,965	INFO	117	org.l2jmobius.gameserver.Shutdown	Database Factory: Database connection has been shut down(4ms).
2025.01.06 19:51:31,965	INFO	117	org.l2jmobius.gameserver.Shutdown	The server has been successfully shut down in 5seconds.
