2025.01.06 10:14:21,673	INFO	1	org.l2jmobius.commons.util.IXmlReader	Network Config: ipconfig.xml doesn't exist using automatic configuration...
2025.01.06 10:14:21,858	INFO	1	org.l2jmobius.commons.util.IXmlReader	Network Config: Adding new subnet: 127.0.0.0/8 address: 127.0.0.1
2025.01.06 10:14:21,861	INFO	1	org.l2jmobius.commons.util.IXmlReader	Network Config: Adding new subnet: 192.168.1.0/24 address: 192.168.1.55
2025.01.06 10:14:21,862	INFO	1	org.l2jmobius.commons.util.IXmlReader	Network Config: Adding new subnet: 0.0.0.0/0 address: 79.184.244.201
2025.01.06 10:14:22,041	INFO	1	org.l2jmobius.Config	Loaded 6 Filter Words.
2025.01.06 10:14:22,339	INFO	1	org.l2jmobius.gameserver.GameServer	------------------------------------------------=[ Database ]
2025.01.06 10:14:22,587	INFO	1	org.l2jmobius.commons.database.DatabaseFactory	Database: HikariCP pool initialized successfully.
2025.01.06 10:14:22,767	INFO	1	org.l2jmobius.commons.database.DatabaseFactory	Database: Initialized with a valid connection.
2025.01.06 10:14:22,777	INFO	1	org.l2jmobius.gameserver.GameServer	----------------------------------------------=[ ThreadPool ]
2025.01.06 10:14:22,779	INFO	1	org.l2jmobius.commons.threads.ThreadPool	ThreadPool: Initialized
2025.01.06 10:14:22,779	INFO	1	org.l2jmobius.commons.threads.ThreadPool	...scheduled pool executor with 4 high priority threads.
2025.01.06 10:14:22,783	INFO	1	org.l2jmobius.commons.threads.ThreadPool	...scheduled pool executor with 16 total threads.
2025.01.06 10:14:22,783	INFO	1	org.l2jmobius.commons.threads.ThreadPool	...instant pool executor with 8 total threads.
2025.01.06 10:14:22,785	INFO	1	org.l2jmobius.gameserver.GameServer	-----------------------------------------------=[ IdManager ]
2025.01.06 10:14:22,794	INFO	1	org.l2jmobius.gameserver.instancemanager.IdManager	Updated characters online status.
2025.01.06 10:14:22,865	INFO	1	org.l2jmobius.gameserver.instancemanager.IdManager	IdManager: Cleaned 0 elements from database in 0 seconds.
2025.01.06 10:14:22,874	INFO	1	org.l2jmobius.gameserver.instancemanager.IdManager	IdManager: Cleaned 0 expired timestamps from database.
2025.01.06 10:14:22,887	INFO	1	org.l2jmobius.gameserver.instancemanager.IdManager	IdManager: 102912 id's available.
2025.01.06 10:14:22,888	INFO	1	org.l2jmobius.gameserver.GameServer	----------------------------------------=[ Scripting Engine ]
2025.01.06 10:14:23,407	INFO	1	org.l2jmobius.gameserver.scripting.ScriptEngineManager	Loaded 784 files to exclude.
2025.01.06 10:14:23,429	INFO	1	org.l2jmobius.gameserver.GameServer	---------------------------------------------------=[ World ]
2025.01.06 10:14:23,665	INFO	1	org.l2jmobius.gameserver.instancemanager.MapRegionManager	MapRegionManager: Loaded 59 map regions.
2025.01.06 10:14:23,677	INFO	1	org.l2jmobius.gameserver.instancemanager.ZoneManager	ZoneManager 19 by 18 Zone Region Grid set up.
2025.01.06 10:14:24,126	INFO	1	org.l2jmobius.gameserver.instancemanager.ZoneManager	ZoneManager: Loaded 32 zone classes and 2851 zones.
2025.01.06 10:14:24,130	INFO	1	org.l2jmobius.gameserver.instancemanager.ZoneManager	ZoneManager: Last static id 200224.
2025.01.06 10:14:24,469	INFO	1	org.l2jmobius.gameserver.data.xml.DoorData	DoorData: Loaded 1448 doors.
2025.01.06 10:14:24,488	INFO	1	FenceData	FenceData: Loaded 1 fences.
2025.01.06 10:14:24,498	INFO	1	org.l2jmobius.gameserver.instancemanager.GlobalVariablesManager	GlobalVariablesManager: Loaded 11 variables.
2025.01.06 10:14:24,498	INFO	1	org.l2jmobius.gameserver.GameServer	----------------------------------------------------=[ Data ]
2025.01.06 10:14:24,517	INFO	1	org.l2jmobius.gameserver.data.xml.ActionData	ActionData: Loaded 246 player actions.
2025.01.06 10:14:24,572	INFO	1	org.l2jmobius.gameserver.data.xml.CategoryData	CategoryData: Loaded 215 categories.
2025.01.06 10:14:24,601	INFO	1	org.l2jmobius.gameserver.data.xml.SecondaryAuthData	SecondaryAuthData: Loaded 328 forbidden passwords.
2025.01.06 10:14:24,614	INFO	1	org.l2jmobius.gameserver.data.xml.AbilityPointsData	AbilityPointsData: Loaded 4 range fees.
2025.01.06 10:14:24,656	WARNING	1	org.l2jmobius.gameserver.data.xml.ItemData	Dir D:\Ertheia\game\data\stats\items\custom does not exist.
2025.01.06 10:14:26,887	INFO	1	org.l2jmobius.gameserver.data.xml.ItemData	ItemData: Highest item id used: 45577
2025.01.06 10:14:26,897	INFO	1	org.l2jmobius.gameserver.data.xml.ItemData	ItemData: Loaded 19123 Etc Items
2025.01.06 10:14:26,898	INFO	1	org.l2jmobius.gameserver.data.xml.ItemData	ItemData: Loaded 8921 Armor Items
2025.01.06 10:14:26,898	INFO	1	org.l2jmobius.gameserver.data.xml.ItemData	ItemData: Loaded 8328 Weapon Items
2025.01.06 10:14:26,898	INFO	1	org.l2jmobius.gameserver.data.xml.ItemData	ItemData: Loaded 36372 Items in total.
2025.01.06 10:14:26,920	INFO	1	org.l2jmobius.gameserver.data.xml.CombinationItemsData	CombinationItemsData: Loaded 620 combinations.
2025.01.06 10:14:26,956	INFO	1	org.l2jmobius.gameserver.data.xml.SayuneData	SayuneData: Loaded 67 maps.
2025.01.06 10:14:27,022	INFO	1	org.l2jmobius.gameserver.data.xml.ClanRewardData	ClanRewardData: Loaded 4 rewards for members online.
2025.01.06 10:14:27,023	INFO	1	org.l2jmobius.gameserver.data.xml.ClanRewardData	ClanRewardData: Loaded 4 rewards for hunting monsters.
2025.01.06 10:14:27,023	INFO	1	org.l2jmobius.gameserver.GameServer	--------------------------------------------------=[ Skills ]
2025.01.06 10:14:31,065	INFO	1	handlers.EffectMasterHandler	EffectMasterHandler: Loaded 368 effect handlers.
2025.01.06 10:14:31,088	INFO	1	org.l2jmobius.gameserver.data.xml.EnchantSkillGroupsData	EnchantSkillGroupsData: Loaded 10 enchant routes, max enchant set to 10.
2025.01.06 10:14:34,874	INFO	1	org.l2jmobius.gameserver.data.xml.SkillData	SkillData: Loaded 122381 Skills.
2025.01.06 10:14:35,493	INFO	1	org.l2jmobius.gameserver.data.xml.SkillTreeData	SkillTreeData: Loaded 23198 Class skills for 145 class skill trees.
2025.01.06 10:14:35,494	INFO	1	org.l2jmobius.gameserver.data.xml.SkillTreeData	SkillTreeData: Loaded 24 sub-class skills.
2025.01.06 10:14:35,494	INFO	1	org.l2jmobius.gameserver.data.xml.SkillTreeData	SkillTreeData: Loaded 38 dual-class skills.
2025.01.06 10:14:35,495	INFO	1	org.l2jmobius.gameserver.data.xml.SkillTreeData	SkillTreeData: Loaded 104 transfer skills for 3 transfer skill trees.
2025.01.06 10:14:35,500	INFO	1	org.l2jmobius.gameserver.data.xml.SkillTreeData	SkillTreeData: Loaded 17 race skills for 7 race skill trees.
2025.01.06 10:14:35,502	INFO	1	org.l2jmobius.gameserver.data.xml.SkillTreeData	SkillTreeData: Loaded 35 fishing skills, 8 Dwarven only fishing skills.
2025.01.06 10:14:35,502	INFO	1	org.l2jmobius.gameserver.data.xml.SkillTreeData	SkillTreeData: Loaded 3 collect skills.
2025.01.06 10:14:35,517	INFO	1	org.l2jmobius.gameserver.data.xml.SkillTreeData	SkillTreeData: Loaded 171 clan skills, 141 for clan and 30 residential.
2025.01.06 10:14:35,517	INFO	1	org.l2jmobius.gameserver.data.xml.SkillTreeData	SkillTreeData: Loaded 18 sub-pledge skills.
2025.01.06 10:14:35,517	INFO	1	org.l2jmobius.gameserver.data.xml.SkillTreeData	SkillTreeData: Loaded 32 transform skills.
2025.01.06 10:14:35,518	INFO	1	org.l2jmobius.gameserver.data.xml.SkillTreeData	SkillTreeData: Loaded 8 noble skills.
2025.01.06 10:14:35,518	INFO	1	org.l2jmobius.gameserver.data.xml.SkillTreeData	SkillTreeData: Loaded 5 hero skills.
2025.01.06 10:14:35,521	INFO	1	org.l2jmobius.gameserver.data.xml.SkillTreeData	SkillTreeData: Loaded 61 game master skills.
2025.01.06 10:14:35,521	INFO	1	org.l2jmobius.gameserver.data.xml.SkillTreeData	SkillTreeData: Loaded 61 game master aura skills.
2025.01.06 10:14:35,525	INFO	1	org.l2jmobius.gameserver.data.xml.SkillTreeData	SkillTreeData: Loaded 101 ability skills.
2025.01.06 10:14:35,527	INFO	1	org.l2jmobius.gameserver.data.xml.SkillTreeData	SkillTreeData: Loaded 104 alchemy skills.
2025.01.06 10:14:35,532	INFO	1	org.l2jmobius.gameserver.data.xml.SkillTreeData	SkillTreeData: Loaded 36 class awaken save skills.
2025.01.06 10:14:35,535	INFO	1	org.l2jmobius.gameserver.data.xml.SkillTreeData	SkillTreeData: Loaded 20 Revelation skills.
2025.01.06 10:14:35,536	INFO	1	org.l2jmobius.gameserver.data.xml.SkillTreeData	SkillTreeData: Loaded 27 common skills.
2025.01.06 10:14:35,568	INFO	1	org.l2jmobius.gameserver.data.xml.PetSkillData	PetSkillData: Loaded 1046 skills.
2025.01.06 10:14:35,568	INFO	1	org.l2jmobius.gameserver.GameServer	---------------------------------------------------=[ Items ]
2025.01.06 10:14:35,638	INFO	1	org.l2jmobius.gameserver.data.xml.EnchantItemGroupsData	EnchantItemGroupsData: Loaded 4 item group templates.
2025.01.06 10:14:35,638	INFO	1	org.l2jmobius.gameserver.data.xml.EnchantItemGroupsData	EnchantItemGroupsData: Loaded 1 scroll group templates.
2025.01.06 10:14:35,638	INFO	1	org.l2jmobius.gameserver.data.xml.EnchantItemGroupsData	EnchantItemGroupsData: Max weapon enchant is set to 30.
2025.01.06 10:14:35,639	INFO	1	org.l2jmobius.gameserver.data.xml.EnchantItemGroupsData	EnchantItemGroupsData: Max armor enchant is set to 30.
2025.01.06 10:14:35,639	INFO	1	org.l2jmobius.gameserver.data.xml.EnchantItemGroupsData	EnchantItemGroupsData: Max accessory enchant is set to 30.
2025.01.06 10:14:35,661	INFO	1	org.l2jmobius.gameserver.data.xml.EnchantItemData	EnchantItemData: Loaded 243 enchant scrolls.
2025.01.06 10:14:35,661	INFO	1	org.l2jmobius.gameserver.data.xml.EnchantItemData	EnchantItemData: Loaded 97 support items.
2025.01.06 10:14:36,800	INFO	1	org.l2jmobius.gameserver.data.xml.OptionData	OptionData: Loaded 30408 options.
2025.01.06 10:14:36,813	INFO	1	org.l2jmobius.gameserver.data.xml.EnchantItemOptionsData	EnchantItemOptionsData: Loaded 33 items and 1217 options.
2025.01.06 10:14:36,828	INFO	1	org.l2jmobius.commons.util.IXmlReader	ElementalAttributeData: Loaded 138 elemental attribute items.
2025.01.06 10:14:36,849	INFO	1	org.l2jmobius.gameserver.data.xml.ItemCrystallizationData	ItemCrystallizationData: Loaded 12 crystallization templates.
2025.01.06 10:14:36,849	INFO	1	org.l2jmobius.gameserver.data.xml.ItemCrystallizationData	ItemCrystallizationData: Loaded 279 pre-defined crystallizable items.
2025.01.06 10:14:36,866	INFO	1	org.l2jmobius.gameserver.data.xml.ItemCrystallizationData	ItemCrystallizationData: Generated 5205 crystallizable items from templates.
2025.01.06 10:14:36,940	INFO	1	VariationData	VariationData: Loaded 106 variations.
2025.01.06 10:14:36,940	INFO	1	VariationData	VariationData: Loaded 4660 fees.
2025.01.06 10:14:36,958	INFO	1	org.l2jmobius.gameserver.data.xml.EnchantItemHPBonusData	EnchantItemHPBonusData: Loaded 11 enchant HP bonuses.
2025.01.06 10:14:38,661	INFO	1	org.l2jmobius.gameserver.data.xml.BuyListData	BuyListData: Loaded 879 buyLists.
2025.01.06 10:14:39,727	INFO	1	org.l2jmobius.gameserver.data.xml.MultisellData	MultisellData: Loaded 369 multisell lists.
2025.01.06 10:14:39,806	INFO	1	org.l2jmobius.gameserver.data.xml.RecipeData	RecipeData: Loaded 1601 recipes.
2025.01.06 10:14:39,849	INFO	1	org.l2jmobius.gameserver.data.xml.ArmorSetData	ArmorSetData: Loaded 282 armor sets.
2025.01.06 10:14:39,864	INFO	1	org.l2jmobius.gameserver.data.xml.FishingData	FishingData: Loaded 2 bait and 2 rod data.
2025.01.06 10:14:39,924	INFO	1	org.l2jmobius.gameserver.data.xml.HennaData	HennaData: Loaded 460 henna data.
2025.01.06 10:14:39,945	INFO	1	org.l2jmobius.gameserver.data.xml.PrimeShopData	PrimeShopData: Loaded 179 items.
2025.01.06 10:14:39,980	INFO	1	org.l2jmobius.gameserver.data.xml.AppearanceItemData	AppearanceItemData: Loaded 1025 stones.
2025.01.06 10:14:39,996	INFO	1	org.l2jmobius.gameserver.data.xml.AlchemyData	AlchemyData: Loaded 118 alchemy craft skills.
2025.01.06 10:14:40,016	INFO	1	org.l2jmobius.commons.util.IXmlReader	LuckyGameData: Loaded 2 lucky game data.
2025.01.06 10:14:40,016	INFO	1	org.l2jmobius.gameserver.GameServer	----------------------------------------------=[ Characters ]
2025.01.06 10:14:40,028	INFO	1	org.l2jmobius.gameserver.data.xml.ClassListData	ClassListData: Loaded 153 class data.
2025.01.06 10:14:40,040	INFO	1	org.l2jmobius.gameserver.data.xml.InitialEquipmentData	InitialEquipmentData: Loaded 13 initial equipment data.
2025.01.06 10:14:40,054	INFO	1	org.l2jmobius.gameserver.data.xml.InitialShortcutData	InitialShortcutData: Loaded 5 initial global shortcuts data.
2025.01.06 10:14:40,054	INFO	1	org.l2jmobius.gameserver.data.xml.InitialShortcutData	InitialShortcutData: Loaded 5 initial shortcuts data.
2025.01.06 10:14:40,054	INFO	1	org.l2jmobius.gameserver.data.xml.InitialShortcutData	InitialShortcutData: Loaded 0 macro presets.
2025.01.06 10:14:40,065	INFO	1	org.l2jmobius.gameserver.data.xml.ExperienceData	ExperienceData: Loaded 100 levels.
2025.01.06 10:14:40,066	INFO	1	org.l2jmobius.gameserver.data.xml.ExperienceData	ExperienceData: Max Player Level is 99.
2025.01.06 10:14:40,066	INFO	1	org.l2jmobius.gameserver.data.xml.ExperienceData	ExperienceData: Max Pet Level is 99.
2025.01.06 10:14:40,085	INFO	1	org.l2jmobius.gameserver.data.xml.KarmaData	KarmaData: Loaded 99 karma modifiers.
2025.01.06 10:14:40,096	INFO	1	org.l2jmobius.gameserver.data.xml.HitConditionBonusData	HitConditionBonusData: Loaded hit condition bonuses.
2025.01.06 10:14:40,668	INFO	1	org.l2jmobius.gameserver.data.xml.PlayerTemplateData	PlayerTemplateData: Loaded 145 character templates.
2025.01.06 10:14:40,668	INFO	1	org.l2jmobius.gameserver.data.xml.PlayerTemplateData	PlayerTemplateData: Loaded 86130 level up gain records.
2025.01.06 10:14:40,671	INFO	1	org.l2jmobius.gameserver.data.sql.CharInfoTable	CharInfoTable: Loaded 1 char names.
2025.01.06 10:14:40,685	INFO	1	org.l2jmobius.gameserver.data.xml.AdminData	AdminData: Loaded 10 access levels.
2025.01.06 10:14:40,698	INFO	1	org.l2jmobius.gameserver.data.xml.AdminData	AdminData: Loaded 463 access commands.
2025.01.06 10:14:41,193	INFO	1	org.l2jmobius.gameserver.data.xml.PetDataTable	PetDataTable: Loaded 56 pets.
2025.01.06 10:14:41,269	INFO	1	org.l2jmobius.gameserver.data.xml.CubicData	CubicData: Loaded 21 cubics.
2025.01.06 10:14:41,298	INFO	1	org.l2jmobius.gameserver.GameServer	---------------------------------------------------=[ Clans ]
2025.01.06 10:14:41,313	INFO	1	org.l2jmobius.gameserver.communitybbs.Manager.ForumsBBSManager	ForumsBBSManager: Loaded 4 forums. Last forum id used: 4
2025.01.06 10:14:41,315	INFO	1	org.l2jmobius.gameserver.data.sql.ClanTable	ClanTable: Restored 0 clans from the database.
2025.01.06 10:14:41,331	INFO	1	org.l2jmobius.gameserver.data.xml.ResidenceFunctionsData	ResidenceFunctionsData: Loaded 8 functions.
2025.01.06 10:14:41,534	INFO	1	org.l2jmobius.gameserver.data.xml.ClanHallData	ClanHallData: Succesfully loaded 57 clan halls.
2025.01.06 10:14:41,536	INFO	1	org.l2jmobius.gameserver.instancemanager.ClanHallAuctionManager	ClanHallAuctionManager: Clan Hall Auction has started!
2025.01.06 10:14:41,560	INFO	1	org.l2jmobius.gameserver.instancemanager.ClanEntryManager	ClanEntryManager: Loaded 0 clan entries.
2025.01.06 10:14:41,562	INFO	1	org.l2jmobius.gameserver.instancemanager.ClanEntryManager	ClanEntryManager: Loaded 0 players in waiting list.
2025.01.06 10:14:41,565	INFO	1	org.l2jmobius.gameserver.instancemanager.ClanEntryManager	ClanEntryManager: Loaded 0 player applications.
2025.01.06 10:14:41,565	INFO	1	org.l2jmobius.gameserver.GameServer	-------------------------------------------------=[ Geodata ]
2025.01.06 10:14:41,590	INFO	1	org.l2jmobius.gameserver.geoengine.GeoEngine	GeoEngine: Loaded 0 regions.
2025.01.06 10:14:41,591	INFO	1	org.l2jmobius.gameserver.geoengine.GeoEngine	GeoEngine: Pathfinding is disabled.
2025.01.06 10:14:41,591	INFO	1	org.l2jmobius.gameserver.GameServer	----------------------------------------------------=[ NPCs ]
2025.01.06 10:14:44,359	INFO	1	org.l2jmobius.gameserver.data.xml.NpcData	NpcData: Loaded 13561 NPCs.
2025.01.06 10:14:44,391	INFO	1	org.l2jmobius.gameserver.data.xml.NpcData	NpcData: Loaded 27 custom NPCs.
2025.01.06 10:14:44,416	INFO	1	org.l2jmobius.gameserver.data.xml.LevelUpCrystalData	Soul crystal data : Loaded 54
2025.01.06 10:14:44,416	INFO	1	org.l2jmobius.gameserver.data.xml.LevelUpCrystalData	Npc leveling crystal data : Loaded 230
2025.01.06 10:14:44,417	INFO	1	org.l2jmobius.gameserver.data.xml.FakePlayerData	FakePlayerData: Disabled.
2025.01.06 10:14:44,420	INFO	1	org.l2jmobius.gameserver.instancemanager.FakePlayerChatManager	FakePlayerChatManager: Disabled.
2025.01.06 10:14:45,767	INFO	1	org.l2jmobius.gameserver.data.xml.SpawnData	SpawnData: Loaded 42593 spawns
2025.01.06 10:14:45,807	INFO	1	org.l2jmobius.gameserver.instancemanager.WalkingManager	WalkingManager: Loaded 194 walking routes.
2025.01.06 10:14:45,840	INFO	1	org.l2jmobius.gameserver.data.xml.StaticObjectData	StaticObjectData: Loaded 51 static object templates.
2025.01.06 10:14:45,871	INFO	1	org.l2jmobius.gameserver.model.itemauction.ItemAuctionInstance	ItemAuctionInstance: Loaded 23 item(s) and registered 1 auction(s) for instance 32320
2025.01.06 10:14:45,876	INFO	1	org.l2jmobius.gameserver.model.itemauction.ItemAuctionInstance	ItemAuctionInstance: Schedule next auction 1 on 17:00:00 10.01.25 for instance 32320
2025.01.06 10:14:45,879	INFO	1	org.l2jmobius.gameserver.model.itemauction.ItemAuctionInstance	ItemAuctionInstance: Loaded 23 item(s) and registered 1 auction(s) for instance 32321
2025.01.06 10:14:45,879	INFO	1	org.l2jmobius.gameserver.model.itemauction.ItemAuctionInstance	ItemAuctionInstance: Schedule next auction 2 on 17:00:00 06.01.25 for instance 32321
2025.01.06 10:14:45,886	INFO	1	org.l2jmobius.gameserver.model.itemauction.ItemAuctionInstance	ItemAuctionInstance: Loaded 23 item(s) and registered 1 auction(s) for instance 32322
2025.01.06 10:14:45,886	INFO	1	org.l2jmobius.gameserver.model.itemauction.ItemAuctionInstance	ItemAuctionInstance: Schedule next auction 3 on 17:00:00 08.01.25 for instance 32322
2025.01.06 10:14:45,887	INFO	1	org.l2jmobius.gameserver.instancemanager.ItemAuctionManager	ItemAuctionManager: Loaded 3 instances.
2025.01.06 10:14:45,934	INFO	1	org.l2jmobius.gameserver.instancemanager.CastleManager	CastleManager: Loaded 9 castles.
2025.01.06 10:14:45,946	INFO	1	org.l2jmobius.gameserver.instancemanager.GrandBossManager	GrandBossManager: Lilith(25283) status is 0
2025.01.06 10:14:45,946	INFO	1	org.l2jmobius.gameserver.instancemanager.GrandBossManager	GrandBossManager: Anakim(25286) status is 0
2025.01.06 10:14:45,947	INFO	1	org.l2jmobius.gameserver.instancemanager.GrandBossManager	GrandBossManager: Queen Ant(29001) status is 0
2025.01.06 10:14:45,947	INFO	1	org.l2jmobius.gameserver.instancemanager.GrandBossManager	GrandBossManager: Core(29006) status is 0
2025.01.06 10:14:45,948	INFO	1	org.l2jmobius.gameserver.instancemanager.GrandBossManager	GrandBossManager: Orfen(29014) status is 0
2025.01.06 10:14:45,949	INFO	1	org.l2jmobius.gameserver.instancemanager.GrandBossManager	GrandBossManager: Baium(29020) status is 0
2025.01.06 10:14:45,952	INFO	1	org.l2jmobius.gameserver.instancemanager.GrandBossManager	GrandBossManager: Valakas(29028) status is 0
2025.01.06 10:14:45,954	INFO	1	org.l2jmobius.gameserver.instancemanager.GrandBossManager	GrandBossManager: Antharas(29068) status is 0
2025.01.06 10:14:45,955	INFO	1	org.l2jmobius.gameserver.instancemanager.GrandBossManager	GrandBossManager: Beleth(29118) status is 0
2025.01.06 10:14:45,956	INFO	1	org.l2jmobius.gameserver.instancemanager.GrandBossManager	GrandBossManager: Earth Wyrm Trasken(29197) status is 0
2025.01.06 10:14:45,957	INFO	1	org.l2jmobius.gameserver.instancemanager.GrandBossManager	GrandBossManager: Lindvior(29240) status is 0
2025.01.06 10:14:45,957	INFO	1	org.l2jmobius.gameserver.instancemanager.GrandBossManager	GrandBossManager: Loaded 11 instances.
2025.01.06 10:14:45,962	INFO	1	org.l2jmobius.gameserver.GameServer	------------------------------------------------=[ Instance ]
2025.01.06 10:14:46,039	INFO	1	org.l2jmobius.gameserver.instancemanager.InstanceManager	InstanceManager: Loaded 258 instance names.
2025.01.06 10:14:49,042	INFO	1	org.l2jmobius.gameserver.instancemanager.InstanceManager	InstanceManager: Loaded 156 instance templates.
2025.01.06 10:14:49,045	INFO	1	org.l2jmobius.gameserver.instancemanager.InstanceManager	InstanceManager: Loaded instance reenter times for 0 players.
2025.01.06 10:14:49,045	INFO	1	org.l2jmobius.gameserver.GameServer	------------------------------------------------=[ Olympiad ]
2025.01.06 10:14:49,056	INFO	1	org.l2jmobius.gameserver.model.olympiad.Olympiad	Olympiad System: Loading....
2025.01.06 10:14:49,056	INFO	1	org.l2jmobius.gameserver.model.olympiad.Olympiad	Olympiad System: Currently in Olympiad Period
2025.01.06 10:14:49,056	INFO	1	org.l2jmobius.gameserver.model.olympiad.Olympiad	Olympiad System: 26 days, 1 hours and 45 mins until period ends.
2025.01.06 10:14:49,058	INFO	1	org.l2jmobius.gameserver.model.olympiad.Olympiad	Olympiad System: Next weekly change is in 6 days, 12 hours and 25 mins.
2025.01.06 10:14:49,058	INFO	1	org.l2jmobius.gameserver.model.olympiad.Olympiad	Olympiad System: Loaded 0 Nobles
2025.01.06 10:14:49,062	INFO	1	org.l2jmobius.gameserver.model.olympiad.Olympiad	Olympiad System: Competition Period Starts in 0 days, 7 hours and 46 mins.
2025.01.06 10:14:49,081	INFO	1	org.l2jmobius.gameserver.model.olympiad.Olympiad	Olympiad System: Event starts/started: Mon Jan 06 18:00:49 CET 2025
2025.01.06 10:14:49,085	INFO	1	org.l2jmobius.gameserver.model.olympiad.Hero	Hero System: Loaded 0 Heroes.
2025.01.06 10:14:49,086	INFO	1	org.l2jmobius.gameserver.model.olympiad.Hero	Hero System: Loaded 0 all time Heroes.
2025.01.06 10:14:49,086	INFO	1	org.l2jmobius.gameserver.GameServer	---------------------------------------------------=[ Cache ]
2025.01.06 10:14:49,087	INFO	1	org.l2jmobius.gameserver.cache.HtmCache	Cache[HTML]: Running lazy cache.
2025.01.06 10:14:49,090	INFO	1	org.l2jmobius.gameserver.data.sql.CrestTable	CrestTable: Loaded 0 Crests.
2025.01.06 10:14:53,291	INFO	1	org.l2jmobius.gameserver.data.xml.TeleporterData	TeleporterData: Loaded 171 npc teleporters.
2025.01.06 10:14:53,312	INFO	1	org.l2jmobius.gameserver.instancemanager.CursedWeaponsManager	CursedWeaponsManager: Loaded 2 cursed weapons.
2025.01.06 10:14:53,986	INFO	1	org.l2jmobius.gameserver.data.xml.TransformData	TransformData: Loaded 166 transform templates.
2025.01.06 10:14:54,009	INFO	1	org.l2jmobius.gameserver.data.BotReportTable	BotReportTable: Loaded 0 bot reports
2025.01.06 10:14:54,009	INFO	1	org.l2jmobius.gameserver.GameServer	-------------------------------------------------=[ Scripts ]
2025.01.06 10:14:54,018	INFO	1	org.l2jmobius.gameserver.instancemanager.AirShipManager	AirShipManager: Loaded 0 private airships
2025.01.06 10:14:54,043	INFO	1	org.l2jmobius.gameserver.data.xml.ShuttleData	ShuttleData: Loaded 3 shuttles.
2025.01.06 10:14:54,045	INFO	1	org.l2jmobius.gameserver.GameServer	GameServer: Loading server scripts:
2025.01.06 10:14:56,660	INFO	1	handlers.MasterHandler	Loading Handlers...
2025.01.06 10:14:56,750	INFO	1	handlers.MasterHandler	ActionHandler: Loaded 10 handlers.
2025.01.06 10:14:56,750	INFO	1	handlers.MasterHandler	ActionShiftHandler: Loaded 6 handlers.
2025.01.06 10:14:56,750	INFO	1	handlers.MasterHandler	AdminCommandHandler: Loaded 455 handlers.
2025.01.06 10:14:56,751	INFO	1	handlers.MasterHandler	BypassHandler: Loaded 27 handlers.
2025.01.06 10:14:56,751	INFO	1	handlers.MasterHandler	ChatHandler: Loaded 14 handlers.
2025.01.06 10:14:56,752	INFO	1	handlers.MasterHandler	CommunityBoardHandler: Loaded 24 handlers.
2025.01.06 10:14:56,752	INFO	1	handlers.MasterHandler	ItemHandler: Loaded 31 handlers.
2025.01.06 10:14:56,752	INFO	1	handlers.MasterHandler	PunishmentHandler: Loaded 3 handlers.
2025.01.06 10:14:56,752	INFO	1	handlers.MasterHandler	UserCommandHandler: Loaded 16 handlers.
2025.01.06 10:14:56,752	INFO	1	handlers.MasterHandler	VoicedCommandHandler: Loaded 7 handlers.
2025.01.06 10:14:56,752	INFO	1	handlers.MasterHandler	TargetHandler: Loaded 21 handlers.
2025.01.06 10:14:56,752	INFO	1	handlers.MasterHandler	AffectObjectHandler: Loaded 11 handlers.
2025.01.06 10:14:56,752	INFO	1	handlers.MasterHandler	AffectScopeHandler: Loaded 19 handlers.
2025.01.06 10:14:56,752	INFO	1	handlers.MasterHandler	PlayerActionHandler: Loaded 24 handlers.
2025.01.06 10:14:56,752	INFO	1	handlers.MasterHandler	Handlers Loaded...
2025.01.06 10:15:05,191	INFO	1	ai.areas.FantasyIsle.HandysBlockCheckerEvent	Handy's Block Checker Event is enabled
2025.01.06 10:15:05,196	INFO	1	ai.areas.FantasyIsle.Parade	Fantasy Isle: Parade starting at 2025/01/06 13:20 and is scheduled each next 1 hours.
2025.01.06 10:15:05,205	INFO	1	ai.areas.FantasyIsle.TalentShow	Fantasy Isle: MC show script starting at 06/01/2025 17:15:05 and is scheduled each next 4 hours.
2025.01.06 10:15:05,285	INFO	1	ai.areas.ImperialTomb.FourSepulchers.FourSepulchers	[Four Sepulchers] Loaded 762 spawn zones data.
2025.01.06 10:15:05,506	INFO	1	org.l2jmobius.gameserver.instancemanager.GrandBossManager	GrandBossManager: Updated Lindvior(29240) status to 0.
2025.01.06 10:15:05,572	INFO	1	ai.bosses.Tiat.Stage1	[Seed of Destruction] Loaded 51 spawn zones data.
2025.01.06 10:15:05,633	INFO	1	ai.others.ClassMaster.ClassMaster	ClassMaster: Loaded 0 class change options.
2025.01.06 10:15:05,739	INFO	1	ai.others.MentorGuide.MentorGuide	MentorGuide: Loaded 41 mentee coins
2025.01.06 10:15:05,762	INFO	1	ai.others.NpcBuffers.NpcBuffersData	NpcBuffersData: Loaded 6 buffers data.
2025.01.06 10:15:05,876	INFO	1	org.l2jmobius.gameserver.model.quest.Quest	Event Birth of Draco has passed... Ignored 
2025.01.06 10:15:05,888	INFO	1	org.l2jmobius.gameserver.model.quest.Quest	Event Eve the Fortune Teller has passed... Ignored 
2025.01.06 10:15:05,894	INFO	1	org.l2jmobius.gameserver.model.quest.Quest	Event Freya Celebration has passed... Ignored 
2025.01.06 10:15:05,898	INFO	1	org.l2jmobius.gameserver.model.quest.Quest	Event Gift of Vitality has passed... Ignored 
2025.01.06 10:15:05,903	INFO	1	org.l2jmobius.gameserver.model.quest.Quest	Event Halloween has passed... Ignored 
2025.01.06 10:15:05,909	INFO	1	org.l2jmobius.gameserver.model.quest.Quest	Event Heavy Medal has passed... Ignored 
2025.01.06 10:15:05,913	INFO	1	org.l2jmobius.gameserver.model.quest.Quest	Event Hungry Horse has passed... Ignored 
2025.01.06 10:15:05,917	INFO	1	org.l2jmobius.gameserver.model.quest.Quest	Event Hunt for Santa has passed... Ignored 
2025.01.06 10:15:05,921	INFO	1	org.l2jmobius.gameserver.model.quest.Quest	Event Letter Collector has passed... Ignored 
2025.01.06 10:15:05,924	INFO	1	org.l2jmobius.gameserver.model.quest.Quest	Event Lovers Jubilee has passed... Ignored 
2025.01.06 10:15:05,928	INFO	1	org.l2jmobius.gameserver.model.quest.Quest	Event Love Your Gatekeeper has passed... Ignored 
2025.01.06 10:15:05,932	INFO	1	org.l2jmobius.gameserver.model.quest.Quest	Event Master of Enchanting has passed... Ignored 
2025.01.06 10:15:05,937	INFO	1	org.l2jmobius.gameserver.model.quest.Quest	Event Rudolphs Blessing has passed... Ignored 
2025.01.06 10:15:05,953	INFO	1	org.l2jmobius.gameserver.model.quest.Quest	Event Saving Santa has passed... Ignored 
2025.01.06 10:15:05,959	INFO	1	org.l2jmobius.gameserver.model.quest.Quest	Event The Power Of Love has passed... Ignored 
2025.01.06 10:15:06,652	INFO	1	org.l2jmobius.gameserver.data.xml.SpawnData	SpawnData: Initializing spawns...
2025.01.06 10:15:07,379	INFO	1	org.l2jmobius.gameserver.instancemanager.DBSpawnManager	DBSpawnManager: Loaded 223 instances.
2025.01.06 10:15:07,379	INFO	1	org.l2jmobius.gameserver.instancemanager.DBSpawnManager	DBSpawnManager: Scheduled 0 instances.
2025.01.06 10:15:11,571	INFO	1	org.l2jmobius.gameserver.data.xml.SpawnData	SpawnData: All spawns has been initialized!
2025.01.06 10:15:11,571	INFO	1	org.l2jmobius.gameserver.GameServer	---------------------------------------------------=[ Siege ]
2025.01.06 10:15:11,599	INFO	1	org.l2jmobius.gameserver.data.xml.SiegeScheduleData	SiegeScheduleData: Loaded 9 siege schedulers.
2025.01.06 10:15:11,599	INFO	1	org.l2jmobius.gameserver.model.siege.Siege	Siege of Gludio: Sun Jan 19 16:00:00 CET 2025
2025.01.06 10:15:11,602	INFO	1	org.l2jmobius.gameserver.model.siege.Siege	Siege of Dion: Sun Jan 19 20:00:00 CET 2025
2025.01.06 10:15:11,603	INFO	1	org.l2jmobius.gameserver.model.siege.Siege	Siege of Giran: Sun Jan 19 16:00:00 CET 2025
2025.01.06 10:15:11,605	INFO	1	org.l2jmobius.gameserver.model.siege.Siege	Siege of Oren: Sun Jan 19 20:00:00 CET 2025
2025.01.06 10:15:11,607	INFO	1	org.l2jmobius.gameserver.model.siege.Siege	Siege of Aden: Sun Jan 19 16:00:00 CET 2025
2025.01.06 10:15:11,608	INFO	1	org.l2jmobius.gameserver.model.siege.Siege	Siege of Innadril: Sun Jan 19 20:00:00 CET 2025
2025.01.06 10:15:11,609	INFO	1	org.l2jmobius.gameserver.model.siege.Siege	Siege of Goddard: Sun Jan 19 16:00:00 CET 2025
2025.01.06 10:15:11,610	INFO	1	org.l2jmobius.gameserver.model.siege.Siege	Siege of Rune: Sun Jan 19 20:00:00 CET 2025
2025.01.06 10:15:11,611	INFO	1	org.l2jmobius.gameserver.model.siege.Siege	Siege of Schuttgart: Sun Jan 19 16:00:00 CET 2025
2025.01.06 10:15:11,731	INFO	1	org.l2jmobius.gameserver.instancemanager.FortManager	FortManager: Loaded 21 fortress.
2025.01.06 10:15:11,855	INFO	1	org.l2jmobius.gameserver.instancemanager.CastleManorManager	CastleManorManager: Loaded 258 seeds.
2025.01.06 10:15:11,864	INFO	1	org.l2jmobius.gameserver.instancemanager.CastleManorManager	CastleManorManager: Manor data loaded.
2025.01.06 10:15:11,876	INFO	1	org.l2jmobius.gameserver.instancemanager.SiegeGuardManager	SiegeGuardManager: Loaded 0 siege guards tickets.
2025.01.06 10:15:11,876	INFO	1	org.l2jmobius.gameserver.instancemanager.QuestManager	QuestManager: Loaded 473 quests.
2025.01.06 10:15:11,876	INFO	1	org.l2jmobius.gameserver.instancemanager.QuestManager	QuestManager: Loaded 382 scripts.
2025.01.06 10:15:11,894	INFO	1	org.l2jmobius.gameserver.instancemanager.games.KrateisCubeManager	KrateisCubeManager: Loaded 3 arena templates.
2025.01.06 10:15:11,909	INFO	1	org.l2jmobius.gameserver.instancemanager.games.UndergroundColiseumManager	UndergroundColiseumManager: Loaded 5 coliseum arenas.
2025.01.06 10:15:11,910	INFO	1	org.l2jmobius.gameserver.instancemanager.games.UndergroundColiseumManager	UndergroundColiseumManager: Starts at 10/01/2025 21:00:00
2025.01.06 10:15:11,918	INFO	1	org.l2jmobius.gameserver.taskmanager.TaskManager	TaskManager: Loaded 5 Tasks.
2025.01.06 10:15:11,920	INFO	1	org.l2jmobius.gameserver.instancemanager.DailyTaskManager	DailyTaskManager: Next schedule at 07/01 06:30.
2025.01.06 10:15:11,922	INFO	1	org.l2jmobius.gameserver.instancemanager.MailManager	MailManager: Loaded 0 messages.
2025.01.06 10:15:11,926	INFO	1	org.l2jmobius.gameserver.instancemanager.PunishmentManager	PunishmentManager: Loaded 0 active and 0 expired punishments.
2025.01.06 10:15:11,927	INFO	1	org.l2jmobius.gameserver.GameServer	IdManager: Free ObjectID's remaining: 1878995717
2025.01.06 10:15:11,929	INFO	1	org.l2jmobius.gameserver.data.sql.OfflineTraderTable	OfflineTraderTable: Loading offline traders...
2025.01.06 10:15:11,931	INFO	1	org.l2jmobius.gameserver.data.sql.OfflineTraderTable	OfflineTraderTable: Loaded 0 offline traders.
2025.01.06 10:15:14,154	INFO	1	org.l2jmobius.gameserver.GameServer	GameServer: Started, using 1240 of 4096 MB total memory.
2025.01.06 10:15:14,155	INFO	1	org.l2jmobius.gameserver.GameServer	GameServer: Maximum number of connected players is 2000.
2025.01.06 10:15:14,155	INFO	1	org.l2jmobius.gameserver.GameServer	GameServer: Server loaded in 53 seconds.
2025.01.06 10:15:14,195	INFO	73	org.l2jmobius.gameserver.LoginServerThread	LoginServerThread: Connecting to login on 127.0.0.1:9014
2025.01.06 10:15:14,349	INFO	73	org.l2jmobius.gameserver.LoginServerThread	LoginServerThread: Registered on login as Server 2: Sieghardt
2025.01.06 10:45:11,971	INFO	51	org.l2jmobius.gameserver.instancemanager.GlobalVariablesManager	GlobalVariablesManager: Stored 11 variables.
2025.01.06 11:15:11,951	INFO	49	org.l2jmobius.gameserver.instancemanager.GlobalVariablesManager	GlobalVariablesManager: Stored 11 variables.
2025.01.06 11:45:11,956	INFO	40	org.l2jmobius.gameserver.instancemanager.GlobalVariablesManager	GlobalVariablesManager: Stored 11 variables.
2025.01.06 11:48:23,766	WARNING	30	org.l2jmobius.gameserver.Shutdown	Server scheduled restart issued shutdown command. Shutdown in 1 seconds!
2025.01.06 11:48:24,784	WARNING	121	org.l2jmobius.gameserver.Shutdown	GM shutdown countdown is over. shutting down NOW!
2025.01.06 11:48:24,884	INFO	121	org.l2jmobius.gameserver.Shutdown	All players disconnected and saved(1ms).
2025.01.06 11:48:24,891	INFO	121	org.l2jmobius.gameserver.Shutdown	Game Time Task Manager: Thread interruped(12ms).
2025.01.06 11:48:24,892	INFO	121	org.l2jmobius.commons.threads.ThreadPool	ThreadPool: Shutting down.
2025.01.06 11:48:24,901	INFO	121	org.l2jmobius.gameserver.Shutdown	Thread Pool Manager: Manager has been shut down(11ms).
2025.01.06 11:48:24,902	INFO	121	org.l2jmobius.gameserver.Shutdown	Login Server Thread: Thread interruped(0ms).
2025.01.06 11:48:24,902	INFO	121	org.l2jmobius.gameserver.Shutdown	GM shutdown received. Shutting down NOW!
2025.01.06 11:48:25,066	INFO	121	org.l2jmobius.gameserver.Shutdown	RaidBossSpawnManager: All raidboss info saved(164ms).
2025.01.06 11:48:25,665	INFO	121	org.l2jmobius.gameserver.Shutdown	GrandBossManager: All Grand Boss info saved(599ms).
2025.01.06 11:48:25,742	INFO	121	org.l2jmobius.gameserver.Shutdown	Item Auction Manager: All tasks stopped(76ms).
2025.01.06 11:48:25,822	INFO	121	org.l2jmobius.gameserver.Shutdown	Olympiad System: Data saved(81ms).
2025.01.06 11:48:25,905	INFO	121	org.l2jmobius.gameserver.Shutdown	Hero System: Data saved(83ms).
2025.01.06 11:48:25,906	INFO	121	org.l2jmobius.gameserver.Shutdown	Clan System: Data saved(1ms).
2025.01.06 11:48:26,023	INFO	121	org.l2jmobius.gameserver.Shutdown	Cursed Weapons Manager: Data saved(117ms).
2025.01.06 11:48:26,040	INFO	121	org.l2jmobius.gameserver.Shutdown	Castle Manor Manager: Data saved(16ms).
2025.01.06 11:48:26,042	INFO	121	org.l2jmobius.gameserver.Shutdown	Quest Manager: Data saved(3ms).
2025.01.06 11:48:26,101	INFO	121	org.l2jmobius.gameserver.instancemanager.GlobalVariablesManager	GlobalVariablesManager: Stored 11 variables.
2025.01.06 11:48:26,102	INFO	121	org.l2jmobius.gameserver.Shutdown	Global Variables Manager: Variables saved(59ms).
2025.01.06 11:48:26,117	INFO	121	org.l2jmobius.gameserver.Shutdown	Bot Report Table: Successfully saved reports to database!
2025.01.06 11:48:31,140	INFO	121	org.l2jmobius.commons.database.DatabaseFactory	Database: HikariCP pool closed successfully.
2025.01.06 11:48:31,142	INFO	121	org.l2jmobius.gameserver.Shutdown	Database Factory: Database connection has been shut down(13ms).
2025.01.06 11:48:31,143	INFO	121	org.l2jmobius.gameserver.Shutdown	The server has been successfully shut down in 6seconds.
